<?xml version="1.0" encoding="UTF-8"?>
<!-- Generated by org.testng.reporters.JUnitXMLReporter -->
<testsuite hostname="NDI-LAP-591" ignored="1" name="Default test" tests="1" failures="0" timestamp="30 Apr 2019 10:32:23 GMT" time="97.975" errors="0">
  <testcase name="verifyloginPageTitle" time="64.723" classname="sheinTest.LoginTest"/>
  <testcase name="verifyValidLogin" time="0.0" classname="sheinTest.LoginTest">
    <ignored/>
  </testcase> <!-- verifyValidLogin -->
</testsuite> <!-- Default test -->
