<?xml version="1.0" encoding="UTF-8"?>
<!-- Generated by org.testng.reporters.JUnitXMLReporter -->
<testsuite hostname="NDI-LAP-591" ignored="0" name="Test" tests="10" failures="0" timestamp="26 Apr 2019 06:11:47 GMT" time="41.576" errors="0">
  <testcase name="@AfterMethod returntoHomePage" time="0.0" classname="sheinTest.BaseTest">
    <failure type="java.lang.NullPointerException">
      <![CDATA[java.lang.NullPointerException
at sheinTest.BaseTest.returntoHomePage(BaseTest.java:46)
... Removed 28 stack frames]]>
    </failure>
  </testcase> <!-- @AfterMethod returntoHomePage -->
  <testcase name="@AfterMethod returntoHomePage" time="0.0" classname="sheinTest.BaseTest">
    <skipped/>
  </testcase> <!-- @AfterMethod returntoHomePage -->
  <testcase name="@AfterMethod returntoHomePage" time="0.0" classname="sheinTest.BaseTest">
    <skipped/>
  </testcase> <!-- @AfterMethod returntoHomePage -->
  <testcase name="@AfterMethod returntoHomePage" time="0.0" classname="sheinTest.BaseTest">
    <skipped/>
  </testcase> <!-- @AfterMethod returntoHomePage -->
  <testcase name="@AfterClass afterClass" time="0.0" classname="sheinTest.BaseTest">
    <skipped/>
  </testcase> <!-- @AfterClass afterClass -->
  <testcase name="@BeforeClass beforeClass" time="0.0" classname="sheinTest.BaseTest">
    <skipped/>
  </testcase> <!-- @BeforeClass beforeClass -->
  <testcase name="@AfterMethod returntoHomePage" time="0.0" classname="sheinTest.BaseTest">
    <skipped/>
  </testcase> <!-- @AfterMethod returntoHomePage -->
  <testcase name="@AfterMethod returntoHomePage" time="0.0" classname="sheinTest.BaseTest">
    <skipped/>
  </testcase> <!-- @AfterMethod returntoHomePage -->
  <testcase name="@AfterClass afterClass" time="0.0" classname="sheinTest.BaseTest">
    <skipped/>
  </testcase> <!-- @AfterClass afterClass -->
  <testcase name="@BeforeClass beforeClass" time="0.0" classname="sheinTest.BaseTest">
    <skipped/>
  </testcase> <!-- @BeforeClass beforeClass -->
  <testcase name="@AfterMethod returntoHomePage" time="0.0" classname="sheinTest.BaseTest">
    <skipped/>
  </testcase> <!-- @AfterMethod returntoHomePage -->
  <testcase name="@AfterClass afterClass" time="0.0" classname="sheinTest.BaseTest">
    <skipped/>
  </testcase> <!-- @AfterClass afterClass -->
  <testcase name="@BeforeClass beforeClass" time="0.0" classname="sheinTest.BaseTest">
    <skipped/>
  </testcase> <!-- @BeforeClass beforeClass -->
  <testcase name="@AfterMethod returntoHomePage" time="0.0" classname="sheinTest.BaseTest">
    <skipped/>
  </testcase> <!-- @AfterMethod returntoHomePage -->
  <testcase name="@AfterClass afterClass" time="0.0" classname="sheinTest.BaseTest">
    <skipped/>
  </testcase> <!-- @AfterClass afterClass -->
  <testcase name="@BeforeClass beforeClass" time="0.0" classname="sheinTest.BaseTest">
    <skipped/>
  </testcase> <!-- @BeforeClass beforeClass -->
  <testcase name="@AfterMethod returntoHomePage" time="0.0" classname="sheinTest.BaseTest">
    <skipped/>
  </testcase> <!-- @AfterMethod returntoHomePage -->
  <testcase name="@AfterClass afterClass" time="0.0" classname="sheinTest.BaseTest">
    <skipped/>
  </testcase> <!-- @AfterClass afterClass -->
  <testcase name="verifycompanylogo" time="0.046" classname="sheinTest.HomeTest"/>
  <testcase name="verifyloginpage" time="0.0" classname="sheinTest.HomeTest">
    <skipped/>
  </testcase> <!-- verifyloginpage -->
  <testcase name="verifyloinbutton" time="0.0" classname="sheinTest.HomeTest">
    <skipped/>
  </testcase> <!-- verifyloinbutton -->
  <testcase name="verifymenuoption" time="0.0" classname="sheinTest.HomeTest">
    <skipped/>
  </testcase> <!-- verifymenuoption -->
  <testcase name="verifyloginpagetitle" time="0.0" classname="sheinTest.LoginTest">
    <skipped/>
  </testcase> <!-- verifyloginpagetitle -->
  <testcase name="verifyvalidlogin" time="0.0" classname="sheinTest.LoginTest">
    <skipped/>
  </testcase> <!-- verifyvalidlogin -->
  <testcase name="verifysubmitsearch" time="0.0" classname="sheinTest.DashBoardTest">
    <skipped/>
  </testcase> <!-- verifysubmitsearch -->
  <testcase name="verifySelectItem" time="0.0" classname="sheinTest.SearrchresultTest">
    <skipped/>
  </testcase> <!-- verifySelectItem -->
  <testcase name="verifyItemAddedToCart" time="0.0" classname="sheinTest.CartTest">
    <skipped/>
  </testcase> <!-- verifyItemAddedToCart -->
  <testcase name="verifyItemIsRemoved" time="0.0" classname="sheinTest.CartTest">
    <skipped/>
  </testcase> <!-- verifyItemIsRemoved -->
</testsuite> <!-- Test -->
