<?xml version="1.0" encoding="UTF-8"?>
<!-- Generated by org.testng.reporters.JUnitXMLReporter -->
<testsuite hostname="NDI-LAP-591" ignored="0" name="Test" tests="10" failures="0" timestamp="24 Apr 2019 20:25:27 GMT" time="453.172" errors="0">
  <testcase name="verifycompanylogo" time="0.054" classname="sheinTest.HomeTest"/>
  <testcase name="verifyloginpage" time="5.622" classname="sheinTest.HomeTest"/>
  <testcase name="verifyloinbutton" time="0.032" classname="sheinTest.HomeTest"/>
  <testcase name="verifymenuoption" time="0.318" classname="sheinTest.HomeTest"/>
  <testcase name="verifyloginpagetitle" time="5.951" classname="sheinTest.LoginTest"/>
  <testcase name="verifyvalidlogin" time="3.648" classname="sheinTest.LoginTest"/>
  <testcase name="verifysubmitsearch" time="16.484" classname="sheinTest.DashBoardTest"/>
  <testcase name="verifySelectItem" time="26.002" classname="sheinTest.SearrchresultTest"/>
  <testcase name="verifyItemAddedToCart" time="22.261" classname="sheinTest.CartTest"/>
  <testcase name="verifyItemIsRemoved" time="4.99" classname="sheinTest.CartTest"/>
</testsuite> <!-- Test -->
