<?xml version="1.0" encoding="UTF-8"?>
<!-- Generated by org.testng.reporters.JUnitXMLReporter -->
<testsuite hostname="NDI-LAP-591" ignored="1" name="Test(failed)" tests="2" failures="2" timestamp="19 Apr 2019 17:02:48 GMT" time="0.077" errors="0">
  <testcase name="verifysubmitsearch" time="0.014" classname="sheinTest.DashBoardTest">
    <failure type="java.lang.NullPointerException">
      <![CDATA[java.lang.NullPointerException
at sheinTest.DashBoardTest.verifysubmitsearch(DashBoardTest.java:15)
... Removed 25 stack frames]]>
    </failure>
  </testcase> <!-- verifysubmitsearch -->
  <testcase name="verifyaddtocart" time="0.004" classname="sheinTest.SearrchresultTest">
    <failure type="java.lang.NullPointerException">
      <![CDATA[java.lang.NullPointerException
at sheinTest.SearrchresultTest.verifyaddtocart(SearrchresultTest.java:13)
... Removed 25 stack frames]]>
    </failure>
  </testcase> <!-- verifyaddtocart -->
  <testcase name="@BeforeSuite setSuite" time="0.0" classname="sheinTest.BaseTest">
    <ignored/>
  </testcase> <!-- @BeforeSuite setSuite -->
</testsuite> <!-- Test(failed) -->
