<?xml version="1.0" encoding="UTF-8"?>
<testng-results skipped="0" failed="0" ignored="0" total="1" passed="1">
  <reporter-output>
  </reporter-output>
  <suite name="Default suite" duration-ms="97667" started-at="2019-04-27T08:54:38Z" finished-at="2019-04-27T08:56:15Z">
    <groups>
    </groups>
    <test name="Default test" duration-ms="97667" started-at="2019-04-27T08:54:38Z" finished-at="2019-04-27T08:56:15Z">
      <class name="sheinTest.HomeTest">
        <test-method status="PASS" signature="beforeClass()[pri:0, instance:sheinTest.HomeTest@604ed9f0]" name="beforeClass" is-config="true" duration-ms="84897" started-at="2019-04-27T08:54:38Z" finished-at="2019-04-27T08:56:03Z">
          <reporter-output>
          </reporter-output>
        </test-method> <!-- beforeClass -->
        <test-method status="PASS" signature="verifyHomePageDetails()[pri:0, instance:sheinTest.HomeTest@604ed9f0]" name="verifyHomePageDetails" duration-ms="2800" started-at="2019-04-27T08:56:03Z" finished-at="2019-04-27T08:56:05Z">
          <reporter-output>
          </reporter-output>
        </test-method> <!-- verifyHomePageDetails -->
        <test-method status="PASS" signature="returntoHomePage()[pri:0, instance:sheinTest.HomeTest@604ed9f0]" name="returntoHomePage" is-config="true" duration-ms="8998" started-at="2019-04-27T08:56:05Z" finished-at="2019-04-27T08:56:14Z">
          <reporter-output>
          </reporter-output>
        </test-method> <!-- returntoHomePage -->
        <test-method status="PASS" signature="afterClass()[pri:0, instance:sheinTest.HomeTest@604ed9f0]" name="afterClass" is-config="true" duration-ms="950" started-at="2019-04-27T08:56:14Z" finished-at="2019-04-27T08:56:15Z">
          <reporter-output>
          </reporter-output>
        </test-method> <!-- afterClass -->
      </class> <!-- sheinTest.HomeTest -->
    </test> <!-- Default test -->
  </suite> <!-- Default suite -->
</testng-results>
