<?xml version="1.0" encoding="UTF-8"?>
<testng-results skipped="0" failed="0" ignored="1" total="2" passed="1">
  <reporter-output>
  </reporter-output>
  <suite name="Default suite" duration-ms="97975" started-at="2019-04-30T10:30:45Z" finished-at="2019-04-30T10:32:23Z">
    <groups>
    </groups>
    <test name="Default test" duration-ms="97975" started-at="2019-04-30T10:30:45Z" finished-at="2019-04-30T10:32:23Z">
      <class name="sheinTest.LoginTest">
        <test-method status="PASS" signature="suiteTest()[pri:0, instance:sheinTest.LoginTest@3daa422a]" name="suiteTest" is-config="true" duration-ms="586" started-at="2019-04-30T10:30:45Z" finished-at="2019-04-30T10:30:45Z">
          <reporter-output>
          </reporter-output>
        </test-method> <!-- suiteTest -->
        <test-method status="PASS" signature="beforeClass()[pri:0, instance:sheinTest.LoginTest@3daa422a]" name="beforeClass" is-config="true" duration-ms="26526" started-at="2019-04-30T10:30:45Z" finished-at="2019-04-30T10:31:12Z">
          <reporter-output>
          </reporter-output>
        </test-method> <!-- beforeClass -->
        <test-method status="PASS" signature="verifyloginPageTitle()[pri:0, instance:sheinTest.LoginTest@3daa422a]" name="verifyloginPageTitle" duration-ms="64723" started-at="2019-04-30T10:31:12Z" finished-at="2019-04-30T10:32:17Z">
          <reporter-output>
          </reporter-output>
        </test-method> <!-- verifyloginPageTitle -->
        <test-method status="PASS" signature="returntoHomePage()[pri:0, instance:sheinTest.LoginTest@3daa422a]" name="returntoHomePage" is-config="true" duration-ms="5564" started-at="2019-04-30T10:32:17Z" finished-at="2019-04-30T10:32:22Z">
          <reporter-output>
          </reporter-output>
        </test-method> <!-- returntoHomePage -->
        <test-method status="PASS" signature="afterClass()[pri:0, instance:sheinTest.LoginTest@3daa422a]" name="afterClass" is-config="true" duration-ms="1092" started-at="2019-04-30T10:32:22Z" finished-at="2019-04-30T10:32:23Z">
          <reporter-output>
          </reporter-output>
        </test-method> <!-- afterClass -->
      </class> <!-- sheinTest.LoginTest -->
    </test> <!-- Default test -->
  </suite> <!-- Default suite -->
</testng-results>
